<?xml version="1.0" encoding="UTF-8"?>
<!-- Generated by org.testng.reporters.JUnitXMLReporter -->
<testsuite hostname="LAPTOP-4CCT83U9" ignored="0" name="TestDevOps" tests="4" failures="0" timestamp="27 Sep 2021 05:37:24 GMT" time="14.96" errors="0">
  <testcase name="InvalidLoginTest" time="0.015" classname="loginTest.AppTest"/>
  <testcase name="validLoginTest" time="0.001" classname="loginTest.AppTest"/>
  <testcase name="f" time="0.001" classname="loginTest.ComparisionTC"/>
  <testcase name="doLogin" time="2.845" classname="loginTest.DemoFrontAcc"/>
</testsuite> <!-- TestDevOps -->
