<?xml version="1.0" encoding="UTF-8"?>
<!-- Generated by org.testng.reporters.JUnitXMLReporter -->
<testsuite ignored="0" hostname="LAPTOP-4CCT83U9" failures="0" tests="4" name="TestDevOps" time="29.54" errors="0" timestamp="27 Sep 2021 05:46:49 GMT">
  <testcase classname="loginTest.AppTest" name="InvalidLoginTest" time="0.059"/>
  <testcase classname="loginTest.AppTest" name="validLoginTest" time="0.0"/>
  <testcase classname="loginTest.ComparisionTC" name="f" time="0.0"/>
  <testcase classname="loginTest.DemoFrontAcc" name="doLogin" time="6.138"/>
</testsuite> <!-- TestDevOps -->
