<?xml version="1.0" encoding="UTF-8"?>
<testng-results skipped="0" failed="0" ignored="0" total="1" passed="1">
  <reporter-output>
  </reporter-output>
  <suite name="Default suite" duration-ms="10954" started-at="2021-09-27T06:23:54Z" finished-at="2021-09-27T06:24:05Z">
    <groups>
    </groups>
    <test name="Default test" duration-ms="10954" started-at="2021-09-27T06:23:54Z" finished-at="2021-09-27T06:24:05Z">
      <class name="loginTest.UdemyLogin">
        <test-method status="PASS" signature="beforetest()[pri:0, instance:loginTest.UdemyLogin@3c9d0b9d]" name="beforetest" is-config="true" duration-ms="2828" started-at="2021-09-27T06:23:54Z" finished-at="2021-09-27T06:23:57Z">
          <reporter-output>
          </reporter-output>
        </test-method> <!-- beforetest -->
        <test-method status="PASS" signature="doLogin()[pri:0, instance:loginTest.UdemyLogin@3c9d0b9d]" name="doLogin" duration-ms="5433" started-at="2021-09-27T06:23:57Z" finished-at="2021-09-27T06:24:02Z">
          <reporter-output>
          </reporter-output>
        </test-method> <!-- doLogin -->
        <test-method status="PASS" signature="aftertest()[pri:0, instance:loginTest.UdemyLogin@3c9d0b9d]" name="aftertest" is-config="true" duration-ms="2678" started-at="2021-09-27T06:24:02Z" finished-at="2021-09-27T06:24:05Z">
          <reporter-output>
          </reporter-output>
        </test-method> <!-- aftertest -->
      </class> <!-- loginTest.UdemyLogin -->
    </test> <!-- Default test -->
  </suite> <!-- Default suite -->
</testng-results>
